[debug] [2021-02-15T12:48:57.082Z] ----------------------------------------------------------------------
[debug] [2021-02-15T12:48:57.089Z] Command:       /usr/bin/node /usr/bin/firebase serve
[debug] [2021-02-15T12:48:57.091Z] CLI Version:   9.1.0
[debug] [2021-02-15T12:48:57.091Z] Platform:      linux
[debug] [2021-02-15T12:48:57.091Z] Node Version:  v15.5.1
[debug] [2021-02-15T12:48:57.093Z] Time:          Mon Feb 15 2021 13:48:57 GMT+0100 (Central European Standard Time)
[debug] [2021-02-15T12:48:57.094Z] ----------------------------------------------------------------------
[debug] [2021-02-15T12:48:57.095Z] 
[debug] [2021-02-15T12:48:57.102Z] >>> [apiv2][query] GET https://firebase-public.firebaseio.com/cli.json [none]
[debug] [2021-02-15T12:48:57.187Z] > command requires scopes: ["email","openid","https://www.googleapis.com/auth/cloudplatformprojects.readonly","https://www.googleapis.com/auth/firebase","https://www.googleapis.com/auth/cloud-platform"]
[debug] [2021-02-15T12:48:57.189Z] > authorizing via signed-in user
[debug] [2021-02-15T12:48:57.190Z] [iam] checking project notes-synced for permissions ["firebase.projects.get"]
[debug] [2021-02-15T12:48:57.205Z] > refreshing access token with scopes: ["email","https://www.googleapis.com/auth/cloud-platform","https://www.googleapis.com/auth/cloudplatformprojects.readonly","https://www.googleapis.com/auth/firebase","openid"]
[debug] [2021-02-15T12:48:57.206Z] >>> HTTP REQUEST POST https://www.googleapis.com/oauth2/v3/token  
 <request body omitted>
[debug] [2021-02-15T12:48:57.505Z] <<< HTTP RESPONSE 200 {"cache-control":"no-cache, no-store, max-age=0, must-revalidate","pragma":"no-cache","expires":"Mon, 01 Jan 1990 00:00:00 GMT","date":"Mon, 15 Feb 2021 12:42:45 GMT","content-type":"application/json; charset=utf-8","vary":"X-Origin, Referer, Origin,Accept-Encoding","server":"scaffolding on HTTPServer2","x-xss-protection":"0","x-frame-options":"SAMEORIGIN","x-content-type-options":"nosniff","alt-svc":"h3-29=\":443\"; ma=2592000,h3-T051=\":443\"; ma=2592000,h3-Q050=\":443\"; ma=2592000,h3-Q046=\":443\"; ma=2592000,h3-Q043=\":443\"; ma=2592000,quic=\":443\"; ma=2592000; v=\"46,43\"","accept-ranges":"none","transfer-encoding":"chunked"}
[debug] [2021-02-15T12:48:57.522Z] >>> HTTP REQUEST POST https://cloudresourcemanager.googleapis.com/v1/projects/notes-synced:testIamPermissions  
 {"permissions":["firebase.projects.get"]}
[debug] [2021-02-15T12:48:57.876Z] <<< [apiv2][status] GET https://firebase-public.firebaseio.com/cli.json 200
[debug] [2021-02-15T12:48:57.877Z] <<< [apiv2][body] GET https://firebase-public.firebaseio.com/cli.json {"cloudBuildErrorAfter":1594252800000,"cloudBuildWarnAfter":1590019200000,"defaultNode10After":1594252800000,"minVersion":"3.0.5","node8DeploysDisabledAfter":1613390400000,"node8RuntimeDisabledAfter":1615809600000,"node8WarnAfter":1600128000000}
[debug] [2021-02-15T12:48:58.592Z] <<< HTTP RESPONSE 200 {"content-type":"application/json; charset=UTF-8","vary":"X-Origin, Referer, Origin,Accept-Encoding","date":"Mon, 15 Feb 2021 12:42:46 GMT","server":"ESF","cache-control":"private","x-xss-protection":"0","x-frame-options":"SAMEORIGIN","x-content-type-options":"nosniff","server-timing":"gfet4t7; dur=626","alt-svc":"h3-29=\":443\"; ma=2592000,h3-T051=\":443\"; ma=2592000,h3-Q050=\":443\"; ma=2592000,h3-Q046=\":443\"; ma=2592000,h3-Q043=\":443\"; ma=2592000,quic=\":443\"; ma=2592000; v=\"46,43\"","accept-ranges":"none","transfer-encoding":"chunked"}
[debug] [2021-02-15T12:48:58.600Z] >>> HTTP REQUEST GET https://firebase.googleapis.com/v1beta1/projects/notes-synced  
 
[debug] [2021-02-15T12:48:58.996Z] <<< HTTP RESPONSE 200 {"content-type":"application/json; charset=UTF-8","vary":"X-Origin, Referer, Origin,Accept-Encoding","date":"Mon, 15 Feb 2021 12:42:46 GMT","server":"ESF","cache-control":"private","x-xss-protection":"0","x-frame-options":"SAMEORIGIN","x-content-type-options":"nosniff","alt-svc":"h3-29=\":443\"; ma=2592000,h3-T051=\":443\"; ma=2592000,h3-Q050=\":443\"; ma=2592000,h3-Q046=\":443\"; ma=2592000,h3-Q043=\":443\"; ma=2592000,quic=\":443\"; ma=2592000; v=\"46,43\"","accept-ranges":"none","transfer-encoding":"chunked"}
[info] 
[info] === Serving from '/home/desjardins/permanent/public/notes'...
[info] 
[debug] [2021-02-15T12:48:59.007Z] >>> HTTP REQUEST GET https://firebase.googleapis.com/v1beta1/projects/notes-synced/webApps/-/config  
 
[warn] ⚠  Your requested "node" version "8" doesn't match your global version "15" {"metadata":{"emulator":{"name":"functions"},"message":"Your requested \"node\" version \"8\" doesn't match your global version \"15\""}}
[debug] [2021-02-15T12:48:59.047Z] defaultcredentials: writing to file /home/desjardins/.config/firebase/desjardins_ytube_gmail.com_application_default_credentials.json
[debug] [2021-02-15T12:48:59.051Z] Setting GAC to /home/desjardins/.config/firebase/desjardins_ytube_gmail.com_application_default_credentials.json {"metadata":{"emulator":{"name":"functions"},"message":"Setting GAC to /home/desjardins/.config/firebase/desjardins_ytube_gmail.com_application_default_credentials.json"}}
[debug] [2021-02-15T12:49:00.021Z] <<< HTTP RESPONSE 200 {"content-type":"application/json; charset=UTF-8","vary":"X-Origin, Referer, Origin,Accept-Encoding","date":"Mon, 15 Feb 2021 12:42:47 GMT","server":"ESF","cache-control":"private","x-xss-protection":"0","x-frame-options":"SAMEORIGIN","x-content-type-options":"nosniff","alt-svc":"h3-29=\":443\"; ma=2592000,h3-T051=\":443\"; ma=2592000,h3-Q050=\":443\"; ma=2592000,h3-Q046=\":443\"; ma=2592000,h3-Q043=\":443\"; ma=2592000,quic=\":443\"; ma=2592000; v=\"46,43\"","accept-ranges":"none","transfer-encoding":"chunked"}
[info] i  functions: Watching "/home/desjardins/permanent/public/notes/functions" for Cloud Functions... {"metadata":{"emulator":{"name":"functions"},"message":"Watching \"/home/desjardins/permanent/public/notes/functions\" for Cloud Functions..."}}
[debug] [2021-02-15T12:49:00.155Z] [worker-pool] addWorker(~diagnostic~) {"metadata":{"emulator":{"name":"functions"},"message":"[worker-pool] addWorker(~diagnostic~)"}}
[debug] [2021-02-15T12:49:00.158Z] [worker-pool] Adding worker with key ~diagnostic~, total=1 {"metadata":{"emulator":{"name":"functions"},"message":"[worker-pool] Adding worker with key ~diagnostic~, total=1"}}
[debug] [2021-02-15T12:49:00.161Z] [worker-pool] submitWork(triggerId=) {"metadata":{"emulator":{"name":"functions"},"message":"[worker-pool] submitWork(triggerId=)"}}
[debug] [2021-02-15T12:49:00.164Z] [worker-~diagnostic~-d530b6c7-1ce4-43da-b92e-cec47897efef]: Assigning socketPath: /tmp/fire_emu_1563.sock {"metadata":{"emulator":{"name":"functions"},"message":"[worker-~diagnostic~-d530b6c7-1ce4-43da-b92e-cec47897efef]: Assigning socketPath: /tmp/fire_emu_1563.sock"}}
[debug] [2021-02-15T12:49:00.166Z] [worker-~diagnostic~-d530b6c7-1ce4-43da-b92e-cec47897efef]: BUSY {"metadata":{"emulator":{"name":"functions"},"message":"[worker-~diagnostic~-d530b6c7-1ce4-43da-b92e-cec47897efef]: BUSY"}}
[info] i  hosting: Serving hosting files from: client/build {"metadata":{"emulator":{"name":"hosting"},"message":"Serving hosting files from: \u001b[1mclient/build\u001b[22m"}}
[info] ✔  hosting: Local server: http://localhost:5000 {"metadata":{"emulator":{"name":"hosting"},"message":"Local server: \u001b[4m\u001b[1mhttp://localhost:5000\u001b[22m\u001b[24m"}}
[debug] [2021-02-15T12:49:00.783Z] [runtime-status] [1563] Functions runtime initialized. {"cwd":"/home/desjardins/permanent/public/notes/functions","node_version":"15.5.1"} {"metadata":{"emulator":{"name":"functions"},"message":"[runtime-status] [1563] Functions runtime initialized. {\"cwd\":\"/home/desjardins/permanent/public/notes/functions\",\"node_version\":\"15.5.1\"}"}}
[debug] [2021-02-15T12:49:00.787Z] [runtime-status] [1563] Disabled runtime features: undefined {"metadata":{"emulator":{"name":"functions"},"message":"[runtime-status] [1563] Disabled runtime features: undefined"}}
[debug] [2021-02-15T12:49:00.795Z] [runtime-status] [1563] Resolved module firebase-admin {"declared":true,"installed":true,"version":"8.10.0","resolution":"/home/desjardins/permanent/public/notes/functions/node_modules/firebase-admin/lib/index.js"} {"metadata":{"emulator":{"name":"functions"},"message":"[runtime-status] [1563] Resolved module firebase-admin {\"declared\":true,\"installed\":true,\"version\":\"8.10.0\",\"resolution\":\"/home/desjardins/permanent/public/notes/functions/node_modules/firebase-admin/lib/index.js\"}"}}
[debug] [2021-02-15T12:49:00.799Z] [runtime-status] [1563] Resolved module firebase-functions {"declared":true,"installed":true,"version":"3.6.1","resolution":"/home/desjardins/permanent/public/notes/functions/node_modules/firebase-functions/lib/index.js"} {"metadata":{"emulator":{"name":"functions"},"message":"[runtime-status] [1563] Resolved module firebase-functions {\"declared\":true,\"installed\":true,\"version\":\"3.6.1\",\"resolution\":\"/home/desjardins/permanent/public/notes/functions/node_modules/firebase-functions/lib/index.js\"}"}}
[debug] [2021-02-15T12:49:00.802Z] [runtime-status] [1563] Resolved module firebase-functions {"declared":true,"installed":true,"version":"3.6.1","resolution":"/home/desjardins/permanent/public/notes/functions/node_modules/firebase-functions/lib/index.js"} {"metadata":{"emulator":{"name":"functions"},"message":"[runtime-status] [1563] Resolved module firebase-functions {\"declared\":true,\"installed\":true,\"version\":\"3.6.1\",\"resolution\":\"/home/desjardins/permanent/public/notes/functions/node_modules/firebase-functions/lib/index.js\"}"}}
[debug] [2021-02-15T12:49:00.809Z] [runtime-status] [1563] Outgoing network have been stubbed. [{"name":"http","status":"mocked"},{"name":"http","status":"mocked"},{"name":"https","status":"mocked"},{"name":"https","status":"mocked"},{"name":"net","status":"mocked"}] {"metadata":{"emulator":{"name":"functions"},"message":"[runtime-status] [1563] Outgoing network have been stubbed. [{\"name\":\"http\",\"status\":\"mocked\"},{\"name\":\"http\",\"status\":\"mocked\"},{\"name\":\"https\",\"status\":\"mocked\"},{\"name\":\"https\",\"status\":\"mocked\"},{\"name\":\"net\",\"status\":\"mocked\"}]"}}
[debug] [2021-02-15T12:49:00.811Z] [runtime-status] [1563] Resolved module firebase-functions {"declared":true,"installed":true,"version":"3.6.1","resolution":"/home/desjardins/permanent/public/notes/functions/node_modules/firebase-functions/lib/index.js"} {"metadata":{"emulator":{"name":"functions"},"message":"[runtime-status] [1563] Resolved module firebase-functions {\"declared\":true,\"installed\":true,\"version\":\"3.6.1\",\"resolution\":\"/home/desjardins/permanent/public/notes/functions/node_modules/firebase-functions/lib/index.js\"}"}}
[debug] [2021-02-15T12:49:00.973Z] [runtime-status] [1563] Checked functions.config() {"config":{}} {"metadata":{"emulator":{"name":"functions"},"message":"[runtime-status] [1563] Checked functions.config() {\"config\":{}}"}}
[debug] [2021-02-15T12:49:00.974Z] [runtime-status] [1563] firebase-functions has been stubbed. {"functionsResolution":{"declared":true,"installed":true,"version":"3.6.1","resolution":"/home/desjardins/permanent/public/notes/functions/node_modules/firebase-functions/lib/index.js"}} {"metadata":{"emulator":{"name":"functions"},"message":"[runtime-status] [1563] firebase-functions has been stubbed. {\"functionsResolution\":{\"declared\":true,\"installed\":true,\"version\":\"3.6.1\",\"resolution\":\"/home/desjardins/permanent/public/notes/functions/node_modules/firebase-functions/lib/index.js\"}}"}}
[debug] [2021-02-15T12:49:00.976Z] [runtime-status] [1563] Resolved module firebase-functions {"declared":true,"installed":true,"version":"3.6.1","resolution":"/home/desjardins/permanent/public/notes/functions/node_modules/firebase-functions/lib/index.js"} {"metadata":{"emulator":{"name":"functions"},"message":"[runtime-status] [1563] Resolved module firebase-functions {\"declared\":true,\"installed\":true,\"version\":\"3.6.1\",\"resolution\":\"/home/desjardins/permanent/public/notes/functions/node_modules/firebase-functions/lib/index.js\"}"}}
[debug] [2021-02-15T12:49:00.980Z] [runtime-status] [1563] Resolved module firebase-admin {"declared":true,"installed":true,"version":"8.10.0","resolution":"/home/desjardins/permanent/public/notes/functions/node_modules/firebase-admin/lib/index.js"} {"metadata":{"emulator":{"name":"functions"},"message":"[runtime-status] [1563] Resolved module firebase-admin {\"declared\":true,\"installed\":true,\"version\":\"8.10.0\",\"resolution\":\"/home/desjardins/permanent/public/notes/functions/node_modules/firebase-admin/lib/index.js\"}"}}
[debug] [2021-02-15T12:49:00.982Z] [runtime-status] [1563] Resolved module firebase-functions {"declared":true,"installed":true,"version":"3.6.1","resolution":"/home/desjardins/permanent/public/notes/functions/node_modules/firebase-functions/lib/index.js"} {"metadata":{"emulator":{"name":"functions"},"message":"[runtime-status] [1563] Resolved module firebase-functions {\"declared\":true,\"installed\":true,\"version\":\"3.6.1\",\"resolution\":\"/home/desjardins/permanent/public/notes/functions/node_modules/firebase-functions/lib/index.js\"}"}}
[debug] [2021-02-15T12:49:00.983Z] [runtime-status] [1563] firebase-admin has been stubbed. {"adminResolution":{"declared":true,"installed":true,"version":"8.10.0","resolution":"/home/desjardins/permanent/public/notes/functions/node_modules/firebase-admin/lib/index.js"}} {"metadata":{"emulator":{"name":"functions"},"message":"[runtime-status] [1563] firebase-admin has been stubbed. {\"adminResolution\":{\"declared\":true,\"installed\":true,\"version\":\"8.10.0\",\"resolution\":\"/home/desjardins/permanent/public/notes/functions/node_modules/firebase-admin/lib/index.js\"}}"}}
[warn] ⚠  Error: Cannot find module './serviceAccountKey.json'
Require stack:
- /home/desjardins/permanent/public/notes/functions/index.js
- /usr/lib/node_modules/firebase-tools/lib/emulator/functionsEmulatorRuntime.js
    at Function.Module._resolveFilename (node:internal/modules/cjs/loader:925:15)
    at Function.Module._load (node:internal/modules/cjs/loader:769:27)
    at Module.require (node:internal/modules/cjs/loader:997:19)
    at require (node:internal/modules/cjs/helpers:92:18)
    at Object.<anonymous> (/home/desjardins/permanent/public/notes/functions/index.js:3:24)
    at Module._compile (node:internal/modules/cjs/loader:1108:14)
    at Object.Module._extensions..js (node:internal/modules/cjs/loader:1137:10)
    at Module.load (node:internal/modules/cjs/loader:973:32)
    at Function.Module._load (node:internal/modules/cjs/loader:813:14)
    at Module.require (node:internal/modules/cjs/loader:997:19) {"metadata":{"emulator":{"name":"functions"},"message":"Error: Cannot find module './serviceAccountKey.json'\nRequire stack:\n- /home/desjardins/permanent/public/notes/functions/index.js\n- /usr/lib/node_modules/firebase-tools/lib/emulator/functionsEmulatorRuntime.js\n    at Function.Module._resolveFilename (node:internal/modules/cjs/loader:925:15)\n    at Function.Module._load (node:internal/modules/cjs/loader:769:27)\n    at Module.require (node:internal/modules/cjs/loader:997:19)\n    at require (node:internal/modules/cjs/helpers:92:18)\n    at Object.<anonymous> (/home/desjardins/permanent/public/notes/functions/index.js:3:24)\n    at Module._compile (node:internal/modules/cjs/loader:1108:14)\n    at Object.Module._extensions..js (node:internal/modules/cjs/loader:1137:10)\n    at Module.load (node:internal/modules/cjs/loader:973:32)\n    at Function.Module._load (node:internal/modules/cjs/loader:813:14)\n    at Module.require (node:internal/modules/cjs/loader:997:19)"}}
[warn] ⚠  We were unable to load your functions code. (see above) {"metadata":{"emulator":{"name":"functions"}}}
[debug] [2021-02-15T12:49:01.015Z] [worker-~diagnostic~-d530b6c7-1ce4-43da-b92e-cec47897efef]: exited {"metadata":{"emulator":{"name":"functions"},"message":"[worker-~diagnostic~-d530b6c7-1ce4-43da-b92e-cec47897efef]: exited"}}
[debug] [2021-02-15T12:49:01.016Z] [worker-~diagnostic~-d530b6c7-1ce4-43da-b92e-cec47897efef]: FINISHED {"metadata":{"emulator":{"name":"functions"},"message":"[worker-~diagnostic~-d530b6c7-1ce4-43da-b92e-cec47897efef]: FINISHED"}}
